 document.getElementById('input2');
<input id=​"input2" type=​"text" size=​"20">​
 document.querySelector('#input2');
<input id=​"input2" type=​"text" size=​"20">​
document.getElementsByTagName('p');
HTMLCollection(5) [p, p, p, p, p]
document.querySelectorAll('p');
NodeList(5) [p, p, p, p, p]
document.getElementById('lipsum');
<div id=​"lipsum">​…​</div>​
document.getElementById('lipsum').getElementsByTagName('p');
HTMLCollection(3) [p, p, p]
document.querySelector('#lipsum').getElementsByTagName('p');
HTMLCollection(3) [p, p, p]
document.querySelector('form')
<form action=​"#">​…​</form>​
document.querySelectorAll('form')[]
VM1190:1 Uncaught SyntaxError: Unexpected token ']'
document.querySelectorAll('form')[0]
<form action=​"#">​<label for=​"input1">​…​</label>​<label for=​"input2">​…​</label>​<label for=​"input3">​…​</label>​<label>​…​</label>​<p>​…​</p>​</form>​
document.querySelectorAll('input')
NodeList(7) [input#input1, input#input2, input#input3, input, input, input#button1, input#button2]
document.getElementsByTagName('input');
HTMLCollection(7) [input#input1, input#input2, input#input3, input, input, input#button1, input#button2, input1: input#input1, input2: input#input2, input3: input#input3, sexo: input, button1: input#button1, …]
document.getElementsByName('sexo');
NodeList(2) [input, input]
document.querySelectorAll('important')
NodeList []length: 0[[Prototype]]: NodeList
document.querySelectorAll('li.important')
NodeList(3) [li.important, li.important, li.important]
document.querySelectorAll("input[name='sexo']");
NodeList(2) [input, input]
document.querySelector('ul').getElementsByClassName('important')
HTMLCollection(3) [li.important, li.important, li.important]
